<?xml version="1.0" encoding="UTF-8"?>
<testng-results ignored="0" total="2" passed="2" failed="0" skipped="0">
  <reporter-output>
  </reporter-output>
  <suite started-at="2024-08-05T18:35:12 IST" name="Default suite" finished-at="2024-08-05T18:35:48 IST" duration-ms="35385">
    <groups>
      <group name="cucumber">
        <method signature="AbstractTestNGCucumberTests.runScenario(io.cucumber.testng.PickleWrapper,io.cucumber.testng.FeatureWrapper)[pri:0, instance:runnertestng.loginTestNG@73eb439a]" name="runScenario" class="io.cucumber.testng.AbstractTestNGCucumberTests"/>
      </group> <!-- cucumber -->
    </groups>
    <test started-at="2024-08-05T18:35:12 IST" name="Default test" finished-at="2024-08-05T18:35:48 IST" duration-ms="35385">
      <class name="runnertestng.loginTestNG">
        <test-method is-config="true" signature="setUpClass(org.testng.ITestContext)[pri:0, instance:runnertestng.loginTestNG@73eb439a]" started-at="2024-08-05T18:35:12 IST" name="setUpClass" finished-at="2024-08-05T18:35:14 IST" duration-ms="1746" status="PASS">
          <params>
            <param index="0">
              <value>
                <![CDATA[org.testng.TestRunner@1cd3b138]]>
              </value>
            </param>
          </params>
          <reporter-output>
          </reporter-output>
        </test-method> <!-- setUpClass -->
        <test-method signature="runScenario(io.cucumber.testng.PickleWrapper,io.cucumber.testng.FeatureWrapper)[pri:0, instance:runnertestng.loginTestNG@73eb439a]" started-at="2024-08-05T18:35:14 IST" name="runScenario" description="Runs Cucumber Scenarios" data-provider="scenarios" finished-at="2024-08-05T18:35:48 IST" duration-ms="33510" status="PASS">
          <params>
            <param index="0">
              <value>
                <![CDATA["Successful login with valid credentials"]]>
              </value>
            </param>
            <param index="1">
              <value>
                <![CDATA["User Login"]]>
              </value>
            </param>
          </params>
          <reporter-output>
          </reporter-output>
        </test-method> <!-- runScenario -->
        <test-method signature="runCukes()[pri:0, instance:runnertestng.loginTestNG@73eb439a]" started-at="2024-08-05T18:35:48 IST" name="runCukes" finished-at="2024-08-05T18:35:48 IST" duration-ms="1" status="PASS">
          <reporter-output>
          </reporter-output>
        </test-method> <!-- runCukes -->
        <test-method is-config="true" signature="tearDownClass()[pri:0, instance:runnertestng.loginTestNG@73eb439a]" started-at="2024-08-05T18:35:48 IST" name="tearDownClass" finished-at="2024-08-05T18:35:48 IST" duration-ms="71" status="PASS">
          <reporter-output>
          </reporter-output>
        </test-method> <!-- tearDownClass -->
      </class> <!-- runnertestng.loginTestNG -->
    </test> <!-- Default test -->
  </suite> <!-- Default suite -->
</testng-results>
